lambTracker_V3/build/outputs/logs/manifest-merger-debug-report.txt
-- Merging decision tree log ---
manifest
ADDED from src/main/AndroidManifest.xml:2:1-229:12
	package
		ADDED from src/main/AndroidManifest.xml:3:5-46
		INJECTED from src/main/AndroidManifest.xml
		INJECTED from src/main/AndroidManifest.xml
	android:versionName
		ADDED from src/main/AndroidManifest.xml:5:5-30
		INJECTED from src/main/AndroidManifest.xml
		INJECTED from src/main/AndroidManifest.xml
	android:versionCode
		ADDED from src/main/AndroidManifest.xml:4:5-28
		INJECTED from src/main/AndroidManifest.xml
		INJECTED from src/main/AndroidManifest.xml
	xmlns:android
		ADDED from src/main/AndroidManifest.xml:2:11-69
uses-sdk
ADDED from src/main/AndroidManifest.xml:7:5-9:41
MERGED from [LambTracker_Android:zxinglibweyr:unspecified] AndroidManifest.xml:23:5-25:41
	android:targetSdkVersion
		ADDED from src/main/AndroidManifest.xml:9:9-38
		INJECTED from src/main/AndroidManifest.xml
		INJECTED from src/main/AndroidManifest.xml
	android:minSdkVersion
		ADDED from src/main/AndroidManifest.xml:8:9-35
		INJECTED from src/main/AndroidManifest.xml
		INJECTED from src/main/AndroidManifest.xml
uses-permission#android.permission.WRITE_EXTERNAL_STORAGE
ADDED from src/main/AndroidManifest.xml:11:5-81
MERGED from [LambTracker_Android:zxinglibweyr:unspecified] AndroidManifest.xml:33:5-81
	android:name
		ADDED from src/main/AndroidManifest.xml:11:22-78
uses-permission#android.permission.READ_EXTERNAL_STORAGE
ADDED from src/main/AndroidManifest.xml:12:5-80
	android:name
		ADDED from src/main/AndroidManifest.xml:12:22-77
uses-permission#android.permission.BLUETOOTH
ADDED from src/main/AndroidManifest.xml:13:5-68
	android:name
		ADDED from src/main/AndroidManifest.xml:13:22-65
uses-permission#android.permission.BLUETOOTH_ADMIN
ADDED from src/main/AndroidManifest.xml:14:5-74
	android:name
		ADDED from src/main/AndroidManifest.xml:14:22-71
application
ADDED from src/main/AndroidManifest.xml:16:5-227:19
MERGED from [LambTracker_Android:zxinglibweyr:unspecified] AndroidManifest.xml:66:5-224:19
	android:label
		ADDED from src/main/AndroidManifest.xml:19:9-41
	android:allowBackup
		ADDED from src/main/AndroidManifest.xml:17:9-35
	android:icon
		ADDED from src/main/AndroidManifest.xml:18:9-50
	android:theme
		ADDED from src/main/AndroidManifest.xml:20:9-40
activity#com.weyr_associates.lambtracker.MainActivity
ADDED from src/main/AndroidManifest.xml:21:9-31:20
	android:screenOrientation
		ADDED from src/main/AndroidManifest.xml:25:13-49
	android:label
		ADDED from src/main/AndroidManifest.xml:24:13-45
	android:configChanges
		ADDED from src/main/AndroidManifest.xml:23:13-48
	android:name
		ADDED from src/main/AndroidManifest.xml:22:13-72
intent-filter#android.intent.action.MAIN+android.intent.category.LAUNCHER
ADDED from src/main/AndroidManifest.xml:26:13-30:29
action#android.intent.action.MAIN
ADDED from src/main/AndroidManifest.xml:27:17-69
	android:name
		ADDED from src/main/AndroidManifest.xml:27:25-66
category#android.intent.category.LAUNCHER
ADDED from src/main/AndroidManifest.xml:29:17-77
	android:name
		ADDED from src/main/AndroidManifest.xml:29:27-74
activity#com.google.zxing.client.android.encode.EncodeActivity
ADDED from src/main/AndroidManifest.xml:32:9-56:20
MERGED from [LambTracker_Android:zxinglibweyr:unspecified] AndroidManifest.xml:134:9-159:20
	android:stateNotNeeded
		ADDED from src/main/AndroidManifest.xml:34:13-42
	android:label
		ADDED from [LambTracker_Android:zxinglibweyr:unspecified] AndroidManifest.xml:136:13-47
	android:name
		ADDED from src/main/AndroidManifest.xml:33:13-81
intent-filter#android.intent.category.DEFAULT+weyr.LT.ENCODE
ADDED from src/main/AndroidManifest.xml:35:13-39:29
action#weyr.LT.ENCODE
ADDED from src/main/AndroidManifest.xml:36:17-57
	android:name
		ADDED from src/main/AndroidManifest.xml:36:25-54
category#android.intent.category.DEFAULT
ADDED from src/main/AndroidManifest.xml:38:17-76
	android:name
		ADDED from src/main/AndroidManifest.xml:38:27-73
intent-filter#android.intent.action.SEND+android.intent.category.DEFAULT
ADDED from src/main/AndroidManifest.xml:41:13-47:29
action#android.intent.action.SEND
ADDED from src/main/AndroidManifest.xml:42:17-69
	android:name
		ADDED from src/main/AndroidManifest.xml:42:25-66
data
ADDED from src/main/AndroidManifest.xml:46:17-57
	android:mimeType
		ADDED from src/main/AndroidManifest.xml:46:23-54
activity#com.weyr_associates.lambtracker.LookUpSheep
ADDED from src/main/AndroidManifest.xml:57:9-63:20
	android:screenOrientation
		ADDED from src/main/AndroidManifest.xml:61:13-49
	android:label
		ADDED from src/main/AndroidManifest.xml:60:13-65
	android:windowSoftInputMode
		ADDED from src/main/AndroidManifest.xml:62:13-54
	android:configChanges
		ADDED from src/main/AndroidManifest.xml:59:13-48
	android:name
		ADDED from src/main/AndroidManifest.xml:58:13-71
activity#com.weyr_associates.lambtracker.LoadSheepList
ADDED from src/main/AndroidManifest.xml:64:9-70:20
	android:screenOrientation
		ADDED from src/main/AndroidManifest.xml:68:13-49
	android:label
		ADDED from src/main/AndroidManifest.xml:67:13-67
	android:windowSoftInputMode
		ADDED from src/main/AndroidManifest.xml:69:13-54
	android:configChanges
		ADDED from src/main/AndroidManifest.xml:66:13-48
	android:name
		ADDED from src/main/AndroidManifest.xml:65:13-73
activity#com.weyr_associates.lambtracker.EditDB
ADDED from src/main/AndroidManifest.xml:71:9-76:20
	android:screenOrientation
		ADDED from src/main/AndroidManifest.xml:75:13-49
	android:label
		ADDED from src/main/AndroidManifest.xml:74:13-65
	android:configChanges
		ADDED from src/main/AndroidManifest.xml:73:13-48
	android:name
		ADDED from src/main/AndroidManifest.xml:72:13-66
activity#com.weyr_associates.lambtracker.IDManagement
ADDED from src/main/AndroidManifest.xml:77:9-83:20
	android:screenOrientation
		ADDED from src/main/AndroidManifest.xml:81:13-49
	android:label
		ADDED from src/main/AndroidManifest.xml:80:13-66
	android:windowSoftInputMode
		ADDED from src/main/AndroidManifest.xml:82:13-55
	android:configChanges
		ADDED from src/main/AndroidManifest.xml:79:13-48
	android:name
		ADDED from src/main/AndroidManifest.xml:78:13-72
activity#com.weyr_associates.lambtracker.EvaluateSheep2
ADDED from src/main/AndroidManifest.xml:84:9-90:20
	android:screenOrientation
		ADDED from src/main/AndroidManifest.xml:88:13-49
	android:label
		ADDED from src/main/AndroidManifest.xml:87:13-66
	android:windowSoftInputMode
		ADDED from src/main/AndroidManifest.xml:89:13-54
	android:configChanges
		ADDED from src/main/AndroidManifest.xml:86:13-48
	android:name
		ADDED from src/main/AndroidManifest.xml:85:13-74
activity#com.weyr_associates.lambtracker.CreateSheepEvaluation
ADDED from src/main/AndroidManifest.xml:91:9-96:20
	android:screenOrientation
		ADDED from src/main/AndroidManifest.xml:95:13-49
	android:label
		ADDED from src/main/AndroidManifest.xml:94:13-75
	android:configChanges
		ADDED from src/main/AndroidManifest.xml:93:13-48
	android:name
		ADDED from src/main/AndroidManifest.xml:92:13-81
activity#com.weyr_associates.lambtracker.TestInterfaceDesigns
ADDED from src/main/AndroidManifest.xml:97:9-103:20
	android:screenOrientation
		ADDED from src/main/AndroidManifest.xml:101:13-50
	android:label
		ADDED from src/main/AndroidManifest.xml:100:13-74
	android:windowSoftInputMode
		ADDED from src/main/AndroidManifest.xml:102:13-54
	android:configChanges
		ADDED from src/main/AndroidManifest.xml:99:13-48
	android:name
		ADDED from src/main/AndroidManifest.xml:98:13-80
activity#com.weyr_associates.lambtracker.PrintLabels
ADDED from src/main/AndroidManifest.xml:104:9-109:20
	android:screenOrientation
		ADDED from src/main/AndroidManifest.xml:108:13-49
	android:label
		ADDED from src/main/AndroidManifest.xml:107:13-64
	android:configChanges
		ADDED from src/main/AndroidManifest.xml:106:13-48
	android:name
		ADDED from src/main/AndroidManifest.xml:105:13-71
activity#com.weyr_associates.lambtracker.LambingSheep
ADDED from src/main/AndroidManifest.xml:110:9-116:20
	android:screenOrientation
		ADDED from src/main/AndroidManifest.xml:114:13-49
	android:label
		ADDED from src/main/AndroidManifest.xml:113:13-65
	android:windowSoftInputMode
		ADDED from src/main/AndroidManifest.xml:115:13-54
	android:configChanges
		ADDED from src/main/AndroidManifest.xml:112:13-48
	android:name
		ADDED from src/main/AndroidManifest.xml:111:13-72
activity#com.weyr_associates.lambtracker.SheepManagement
ADDED from src/main/AndroidManifest.xml:117:9-123:20
	android:screenOrientation
		ADDED from src/main/AndroidManifest.xml:121:13-49
	android:label
		ADDED from src/main/AndroidManifest.xml:120:13-68
	android:windowSoftInputMode
		ADDED from src/main/AndroidManifest.xml:122:13-54
	android:configChanges
		ADDED from src/main/AndroidManifest.xml:119:13-48
	android:name
		ADDED from src/main/AndroidManifest.xml:118:13-75
activity#com.weyr_associates.lambtracker.GroupSheepManagement
ADDED from src/main/AndroidManifest.xml:125:9-131:20
	android:screenOrientation
		ADDED from src/main/AndroidManifest.xml:129:13-49
	android:label
		ADDED from src/main/AndroidManifest.xml:128:13-74
	android:windowSoftInputMode
		ADDED from src/main/AndroidManifest.xml:130:13-54
	android:configChanges
		ADDED from src/main/AndroidManifest.xml:127:13-48
	android:name
		ADDED from src/main/AndroidManifest.xml:126:13-80
activity#com.weyr_associates.lambtracker.AddLamb
ADDED from src/main/AndroidManifest.xml:133:9-139:20
	android:screenOrientation
		ADDED from src/main/AndroidManifest.xml:137:13-49
	android:label
		ADDED from src/main/AndroidManifest.xml:136:13-60
	android:windowSoftInputMode
		ADDED from src/main/AndroidManifest.xml:138:13-54
	android:configChanges
		ADDED from src/main/AndroidManifest.xml:135:13-48
	android:name
		ADDED from src/main/AndroidManifest.xml:134:13-67
activity#com.weyr_associates.lambtracker.SetDefaults
ADDED from src/main/AndroidManifest.xml:140:9-146:20
	android:screenOrientation
		ADDED from src/main/AndroidManifest.xml:144:13-49
	android:label
		ADDED from src/main/AndroidManifest.xml:143:13-76
	android:windowSoftInputMode
		ADDED from src/main/AndroidManifest.xml:145:13-54
	android:configChanges
		ADDED from src/main/AndroidManifest.xml:142:13-48
	android:name
		ADDED from src/main/AndroidManifest.xml:141:13-71
activity#com.weyr_associates.lambtracker.FixLamb
ADDED from src/main/AndroidManifest.xml:147:9-153:20
	android:screenOrientation
		ADDED from src/main/AndroidManifest.xml:151:13-49
	android:label
		ADDED from src/main/AndroidManifest.xml:150:13-60
	android:windowSoftInputMode
		ADDED from src/main/AndroidManifest.xml:152:13-54
	android:configChanges
		ADDED from src/main/AndroidManifest.xml:149:13-48
	android:name
		ADDED from src/main/AndroidManifest.xml:148:13-67
activity#com.weyr_associates.lambtracker.EditPreferences
ADDED from src/main/AndroidManifest.xml:155:9-158:20
	android:label
		ADDED from src/main/AndroidManifest.xml:157:13-54
	android:name
		ADDED from src/main/AndroidManifest.xml:156:13-75
activity#com.weyr_associates.lambtracker.FileList
ADDED from src/main/AndroidManifest.xml:159:9-164:20
	android:screenOrientation
		ADDED from src/main/AndroidManifest.xml:163:13-49
	android:label
		ADDED from src/main/AndroidManifest.xml:162:13-67
	android:configChanges
		ADDED from src/main/AndroidManifest.xml:161:13-48
	android:name
		ADDED from src/main/AndroidManifest.xml:160:13-68
service#com.weyr_associates.lambtracker.eidService
ADDED from src/main/AndroidManifest.xml:166:9-172:19
	android:exported
		ADDED from src/main/AndroidManifest.xml:168:13-36
	android:name
		ADDED from src/main/AndroidManifest.xml:167:13-70
intent-filter#com.weyr_associates.lambtracker.eidService
ADDED from src/main/AndroidManifest.xml:169:13-171:29
action#com.weyr_associates.lambtracker.eidService
ADDED from src/main/AndroidManifest.xml:170:17-85
	android:name
		ADDED from src/main/AndroidManifest.xml:170:25-82
activity#com.weyr_associates.lambtracker.SortSheep
ADDED from src/main/AndroidManifest.xml:174:9-179:20
	android:screenOrientation
		ADDED from src/main/AndroidManifest.xml:178:13-49
	android:label
		ADDED from src/main/AndroidManifest.xml:177:13-62
	android:configChanges
		ADDED from src/main/AndroidManifest.xml:176:13-48
	android:name
		ADDED from src/main/AndroidManifest.xml:175:13-69
activity#com.weyr_associates.lambtracker.DrawBlood
ADDED from src/main/AndroidManifest.xml:180:9-185:20
	android:screenOrientation
		ADDED from src/main/AndroidManifest.xml:184:13-49
	android:label
		ADDED from src/main/AndroidManifest.xml:183:13-62
	android:configChanges
		ADDED from src/main/AndroidManifest.xml:182:13-48
	android:name
		ADDED from src/main/AndroidManifest.xml:181:13-69
activity#com.weyr_associates.lambtracker.SheepManagementMenu
ADDED from src/main/AndroidManifest.xml:186:9-191:20
	android:screenOrientation
		ADDED from src/main/AndroidManifest.xml:190:13-49
	android:label
		ADDED from src/main/AndroidManifest.xml:189:13-73
	android:configChanges
		ADDED from src/main/AndroidManifest.xml:188:13-48
	android:name
		ADDED from src/main/AndroidManifest.xml:187:13-79
activity#com.weyr_associates.lambtracker.RemoveSheep
ADDED from src/main/AndroidManifest.xml:192:9-195:20
	android:label
		ADDED from src/main/AndroidManifest.xml:194:13-64
	android:name
		ADDED from src/main/AndroidManifest.xml:193:13-71
activity#com.weyr_associates.lambtracker.RemoveDrug
ADDED from src/main/AndroidManifest.xml:196:9-199:20
	android:label
		ADDED from src/main/AndroidManifest.xml:198:13-63
	android:name
		ADDED from src/main/AndroidManifest.xml:197:13-70
activity#com.weyr_associates.lambtracker.DesktopFunctionsMenu
ADDED from src/main/AndroidManifest.xml:200:9-205:20
	android:screenOrientation
		ADDED from src/main/AndroidManifest.xml:204:13-50
	android:label
		ADDED from src/main/AndroidManifest.xml:203:13-69
	android:configChanges
		ADDED from src/main/AndroidManifest.xml:202:13-48
	android:name
		ADDED from src/main/AndroidManifest.xml:201:13-80
activity#com.weyr_associates.lambtracker.SetAlerts
ADDED from src/main/AndroidManifest.xml:206:9-211:20
	android:screenOrientation
		ADDED from src/main/AndroidManifest.xml:210:13-50
	android:label
		ADDED from src/main/AndroidManifest.xml:209:13-61
	android:configChanges
		ADDED from src/main/AndroidManifest.xml:208:13-48
	android:name
		ADDED from src/main/AndroidManifest.xml:207:13-69
activity#com.weyr_associates.lambtracker.CreateRamBreedingRecord
ADDED from src/main/AndroidManifest.xml:212:9-216:20
	android:screenOrientation
		ADDED from src/main/AndroidManifest.xml:215:13-50
	android:label
		ADDED from src/main/AndroidManifest.xml:214:13-78
	android:name
		ADDED from src/main/AndroidManifest.xml:213:13-83
activity#com.weyr_associates.lambtracker.CreateEweBreedingRecord
ADDED from src/main/AndroidManifest.xml:217:9-221:20
	android:screenOrientation
		ADDED from src/main/AndroidManifest.xml:220:13-50
	android:label
		ADDED from src/main/AndroidManifest.xml:219:13-78
	android:name
		ADDED from src/main/AndroidManifest.xml:218:13-83
activity#com.weyr_associates.lambtracker.DrugManagement
ADDED from src/main/AndroidManifest.xml:222:9-226:20
	android:screenOrientation
		ADDED from src/main/AndroidManifest.xml:225:13-50
	android:label
		ADDED from src/main/AndroidManifest.xml:224:13-67
	android:name
		ADDED from src/main/AndroidManifest.xml:223:13-74
uses-permission#android.permission.CAMERA
ADDED from [LambTracker_Android:zxinglibweyr:unspecified] AndroidManifest.xml:27:5-65
	android:name
		ADDED from [LambTracker_Android:zxinglibweyr:unspecified] AndroidManifest.xml:27:22-62
uses-permission#android.permission.INTERNET
ADDED from [LambTracker_Android:zxinglibweyr:unspecified] AndroidManifest.xml:28:5-67
	android:name
		ADDED from [LambTracker_Android:zxinglibweyr:unspecified] AndroidManifest.xml:28:22-64
uses-permission#android.permission.VIBRATE
ADDED from [LambTracker_Android:zxinglibweyr:unspecified] AndroidManifest.xml:29:5-66
	android:name
		ADDED from [LambTracker_Android:zxinglibweyr:unspecified] AndroidManifest.xml:29:22-63
uses-permission#android.permission.FLASHLIGHT
ADDED from [LambTracker_Android:zxinglibweyr:unspecified] AndroidManifest.xml:30:5-69
	android:name
		ADDED from [LambTracker_Android:zxinglibweyr:unspecified] AndroidManifest.xml:30:22-66
uses-permission#android.permission.READ_CONTACTS
ADDED from [LambTracker_Android:zxinglibweyr:unspecified] AndroidManifest.xml:31:5-72
	android:name
		ADDED from [LambTracker_Android:zxinglibweyr:unspecified] AndroidManifest.xml:31:22-69
uses-permission#com.android.browser.permission.READ_HISTORY_BOOKMARKS
ADDED from [LambTracker_Android:zxinglibweyr:unspecified] AndroidManifest.xml:32:5-93
	android:name
		ADDED from [LambTracker_Android:zxinglibweyr:unspecified] AndroidManifest.xml:32:22-90
uses-permission#android.permission.CHANGE_WIFI_STATE
ADDED from [LambTracker_Android:zxinglibweyr:unspecified] AndroidManifest.xml:34:5-76
	android:name
		ADDED from [LambTracker_Android:zxinglibweyr:unspecified] AndroidManifest.xml:34:22-73
uses-permission#android.permission.ACCESS_WIFI_STATE
ADDED from [LambTracker_Android:zxinglibweyr:unspecified] AndroidManifest.xml:35:5-76
	android:name
		ADDED from [LambTracker_Android:zxinglibweyr:unspecified] AndroidManifest.xml:35:22-73
uses-feature#android.hardware.camera
ADDED from [LambTracker_Android:zxinglibweyr:unspecified] AndroidManifest.xml:38:5-40:36
	android:required
		ADDED from [LambTracker_Android:zxinglibweyr:unspecified] AndroidManifest.xml:40:9-33
	android:name
		ADDED from [LambTracker_Android:zxinglibweyr:unspecified] AndroidManifest.xml:39:9-47
uses-feature#android.hardware.camera.front
ADDED from [LambTracker_Android:zxinglibweyr:unspecified] AndroidManifest.xml:41:5-43:36
	android:required
		ADDED from [LambTracker_Android:zxinglibweyr:unspecified] AndroidManifest.xml:43:9-33
	android:name
		ADDED from [LambTracker_Android:zxinglibweyr:unspecified] AndroidManifest.xml:42:9-53
uses-feature#android.hardware.camera.autofocus
ADDED from [LambTracker_Android:zxinglibweyr:unspecified] AndroidManifest.xml:44:5-46:36
	android:required
		ADDED from [LambTracker_Android:zxinglibweyr:unspecified] AndroidManifest.xml:46:9-33
	android:name
		ADDED from [LambTracker_Android:zxinglibweyr:unspecified] AndroidManifest.xml:45:9-57
uses-feature#android.hardware.camera.flash
ADDED from [LambTracker_Android:zxinglibweyr:unspecified] AndroidManifest.xml:47:5-49:36
	android:required
		ADDED from [LambTracker_Android:zxinglibweyr:unspecified] AndroidManifest.xml:49:9-33
	android:name
		ADDED from [LambTracker_Android:zxinglibweyr:unspecified] AndroidManifest.xml:48:9-53
uses-feature#android.hardware.screen.landscape
ADDED from [LambTracker_Android:zxinglibweyr:unspecified] AndroidManifest.xml:50:5-70
	android:name
		ADDED from [LambTracker_Android:zxinglibweyr:unspecified] AndroidManifest.xml:50:19-67
uses-feature#android.hardware.wifi
ADDED from [LambTracker_Android:zxinglibweyr:unspecified] AndroidManifest.xml:51:5-53:36
	android:required
		ADDED from [LambTracker_Android:zxinglibweyr:unspecified] AndroidManifest.xml:53:9-33
	android:name
		ADDED from [LambTracker_Android:zxinglibweyr:unspecified] AndroidManifest.xml:52:9-45
uses-feature#android.hardware.touchscreen
ADDED from [LambTracker_Android:zxinglibweyr:unspecified] AndroidManifest.xml:54:5-56:36
	android:required
		ADDED from [LambTracker_Android:zxinglibweyr:unspecified] AndroidManifest.xml:56:9-33
	android:name
		ADDED from [LambTracker_Android:zxinglibweyr:unspecified] AndroidManifest.xml:55:9-52
supports-screens
ADDED from [LambTracker_Android:zxinglibweyr:unspecified] AndroidManifest.xml:59:5-64:40
	android:largeScreens
		ADDED from [LambTracker_Android:zxinglibweyr:unspecified] AndroidManifest.xml:61:9-36
	android:smallScreens
		ADDED from [LambTracker_Android:zxinglibweyr:unspecified] AndroidManifest.xml:63:9-36
	android:normalScreens
		ADDED from [LambTracker_Android:zxinglibweyr:unspecified] AndroidManifest.xml:62:9-37
	android:xlargeScreens
		ADDED from [LambTracker_Android:zxinglibweyr:unspecified] AndroidManifest.xml:64:9-37
	android:anyDensity
		ADDED from [LambTracker_Android:zxinglibweyr:unspecified] AndroidManifest.xml:60:9-34
activity#com.google.zxing.client.android.CaptureActivity
ADDED from [LambTracker_Android:zxinglibweyr:unspecified] AndroidManifest.xml:67:9-128:20
	android:clearTaskOnLaunch
		ADDED from [LambTracker_Android:zxinglibweyr:unspecified] AndroidManifest.xml:69:13-45
	android:screenOrientation
		ADDED from [LambTracker_Android:zxinglibweyr:unspecified] AndroidManifest.xml:71:13-50
	android:stateNotNeeded
		ADDED from [LambTracker_Android:zxinglibweyr:unspecified] AndroidManifest.xml:72:13-42
	android:windowSoftInputMode
		ADDED from [LambTracker_Android:zxinglibweyr:unspecified] AndroidManifest.xml:74:13-60
	android:configChanges
		ADDED from [LambTracker_Android:zxinglibweyr:unspecified] AndroidManifest.xml:70:13-63
	android:theme
		ADDED from [LambTracker_Android:zxinglibweyr:unspecified] AndroidManifest.xml:73:13-71
	android:name
		ADDED from [LambTracker_Android:zxinglibweyr:unspecified] AndroidManifest.xml:68:13-75
intent-filter#android.intent.category.DEFAULT+com.google.zxing.client.android.SCAN
ADDED from [LambTracker_Android:zxinglibweyr:unspecified] AndroidManifest.xml:75:13-79:29
action#com.google.zxing.client.android.SCAN
ADDED from [LambTracker_Android:zxinglibweyr:unspecified] AndroidManifest.xml:76:17-79
	android:name
		ADDED from [LambTracker_Android:zxinglibweyr:unspecified] AndroidManifest.xml:76:25-76
intent-filter#android.intent.action.VIEW+android.intent.category.BROWSABLE+android.intent.category.DEFAULT
ADDED from [LambTracker_Android:zxinglibweyr:unspecified] AndroidManifest.xml:81:13-91:29
action#android.intent.action.VIEW
ADDED from [LambTracker_Android:zxinglibweyr:unspecified] AndroidManifest.xml:82:17-69
	android:name
		ADDED from [LambTracker_Android:zxinglibweyr:unspecified] AndroidManifest.xml:82:25-66
category#android.intent.category.BROWSABLE
ADDED from [LambTracker_Android:zxinglibweyr:unspecified] AndroidManifest.xml:85:17-78
	android:name
		ADDED from [LambTracker_Android:zxinglibweyr:unspecified] AndroidManifest.xml:85:27-75
activity#com.google.zxing.client.android.PreferencesActivity
ADDED from [LambTracker_Android:zxinglibweyr:unspecified] AndroidManifest.xml:129:9-133:20
	android:label
		ADDED from [LambTracker_Android:zxinglibweyr:unspecified] AndroidManifest.xml:131:13-53
	android:stateNotNeeded
		ADDED from [LambTracker_Android:zxinglibweyr:unspecified] AndroidManifest.xml:132:13-42
	android:name
		ADDED from [LambTracker_Android:zxinglibweyr:unspecified] AndroidManifest.xml:130:13-79
intent-filter#android.intent.category.DEFAULT+com.google.zxing.client.android.ENCODE
ADDED from [LambTracker_Android:zxinglibweyr:unspecified] AndroidManifest.xml:138:13-142:29
action#com.google.zxing.client.android.ENCODE
ADDED from [LambTracker_Android:zxinglibweyr:unspecified] AndroidManifest.xml:139:17-81
	android:name
		ADDED from [LambTracker_Android:zxinglibweyr:unspecified] AndroidManifest.xml:139:25-78
activity#com.google.zxing.client.android.book.SearchBookContentsActivity
ADDED from [LambTracker_Android:zxinglibweyr:unspecified] AndroidManifest.xml:160:9-171:20
	android:screenOrientation
		ADDED from [LambTracker_Android:zxinglibweyr:unspecified] AndroidManifest.xml:164:13-50
	android:label
		ADDED from [LambTracker_Android:zxinglibweyr:unspecified] AndroidManifest.xml:163:13-45
	android:stateNotNeeded
		ADDED from [LambTracker_Android:zxinglibweyr:unspecified] AndroidManifest.xml:165:13-42
	android:configChanges
		ADDED from [LambTracker_Android:zxinglibweyr:unspecified] AndroidManifest.xml:162:13-63
	android:name
		ADDED from [LambTracker_Android:zxinglibweyr:unspecified] AndroidManifest.xml:161:13-91
intent-filter#android.intent.category.DEFAULT+com.google.zxing.client.android.SEARCH_BOOK_CONTENTS
ADDED from [LambTracker_Android:zxinglibweyr:unspecified] AndroidManifest.xml:166:13-170:29
action#com.google.zxing.client.android.SEARCH_BOOK_CONTENTS
ADDED from [LambTracker_Android:zxinglibweyr:unspecified] AndroidManifest.xml:167:17-95
	android:name
		ADDED from [LambTracker_Android:zxinglibweyr:unspecified] AndroidManifest.xml:167:25-92
activity#com.google.zxing.client.android.share.ShareActivity
ADDED from [LambTracker_Android:zxinglibweyr:unspecified] AndroidManifest.xml:172:9-183:20
	android:screenOrientation
		ADDED from [LambTracker_Android:zxinglibweyr:unspecified] AndroidManifest.xml:175:13-45
	android:label
		ADDED from [LambTracker_Android:zxinglibweyr:unspecified] AndroidManifest.xml:174:13-47
	android:stateNotNeeded
		ADDED from [LambTracker_Android:zxinglibweyr:unspecified] AndroidManifest.xml:176:13-42
	android:theme
		ADDED from [LambTracker_Android:zxinglibweyr:unspecified] AndroidManifest.xml:177:13-55
	android:name
		ADDED from [LambTracker_Android:zxinglibweyr:unspecified] AndroidManifest.xml:173:13-79
intent-filter#android.intent.category.DEFAULT+com.google.zxing.client.android.SHARE
ADDED from [LambTracker_Android:zxinglibweyr:unspecified] AndroidManifest.xml:178:13-182:29
action#com.google.zxing.client.android.SHARE
ADDED from [LambTracker_Android:zxinglibweyr:unspecified] AndroidManifest.xml:179:17-80
	android:name
		ADDED from [LambTracker_Android:zxinglibweyr:unspecified] AndroidManifest.xml:179:25-77
activity#com.google.zxing.client.android.history.HistoryActivity
ADDED from [LambTracker_Android:zxinglibweyr:unspecified] AndroidManifest.xml:184:9-193:20
	android:label
		ADDED from [LambTracker_Android:zxinglibweyr:unspecified] AndroidManifest.xml:186:13-50
	android:stateNotNeeded
		ADDED from [LambTracker_Android:zxinglibweyr:unspecified] AndroidManifest.xml:187:13-42
	android:name
		ADDED from [LambTracker_Android:zxinglibweyr:unspecified] AndroidManifest.xml:185:13-83
intent-filter#android.intent.action.VIEW+android.intent.category.DEFAULT
ADDED from [LambTracker_Android:zxinglibweyr:unspecified] AndroidManifest.xml:188:13-192:29
activity#com.google.zxing.client.android.share.BookmarkPickerActivity
ADDED from [LambTracker_Android:zxinglibweyr:unspecified] AndroidManifest.xml:194:9-203:20
	android:label
		ADDED from [LambTracker_Android:zxinglibweyr:unspecified] AndroidManifest.xml:196:13-57
	android:stateNotNeeded
		ADDED from [LambTracker_Android:zxinglibweyr:unspecified] AndroidManifest.xml:197:13-42
	android:name
		ADDED from [LambTracker_Android:zxinglibweyr:unspecified] AndroidManifest.xml:195:13-88
intent-filter#android.intent.action.PICK+android.intent.category.DEFAULT
ADDED from [LambTracker_Android:zxinglibweyr:unspecified] AndroidManifest.xml:198:13-202:29
action#android.intent.action.PICK
ADDED from [LambTracker_Android:zxinglibweyr:unspecified] AndroidManifest.xml:199:17-69
	android:name
		ADDED from [LambTracker_Android:zxinglibweyr:unspecified] AndroidManifest.xml:199:25-66
activity#com.google.zxing.client.android.share.AppPickerActivity
ADDED from [LambTracker_Android:zxinglibweyr:unspecified] AndroidManifest.xml:204:9-214:20
	android:label
		ADDED from [LambTracker_Android:zxinglibweyr:unspecified] AndroidManifest.xml:207:13-52
	android:stateNotNeeded
		ADDED from [LambTracker_Android:zxinglibweyr:unspecified] AndroidManifest.xml:208:13-42
	android:configChanges
		ADDED from [LambTracker_Android:zxinglibweyr:unspecified] AndroidManifest.xml:206:13-48
	android:name
		ADDED from [LambTracker_Android:zxinglibweyr:unspecified] AndroidManifest.xml:205:13-83
activity#com.google.zxing.client.android.HelpActivity
ADDED from [LambTracker_Android:zxinglibweyr:unspecified] AndroidManifest.xml:215:9-223:20
	android:screenOrientation
		ADDED from [LambTracker_Android:zxinglibweyr:unspecified] AndroidManifest.xml:217:13-45
	android:name
		ADDED from [LambTracker_Android:zxinglibweyr:unspecified] AndroidManifest.xml:216:13-72
android:uses-permission#android.permission.READ_CALL_LOG
IMPLIED from src/main/AndroidManifest.xml:2:1-229:12 reason: com.google.zxing.client.android has targetSdkVersion < 16 and requested READ_CONTACTS